<?xml version="1.0" encoding="UTF-8" ?>
<testsuite errors="0" failures="0" hostname="PHAMDANGTRUNGNGHIA" name="PointTest" skipped="0" tests="7" time="0.148" timestamp="2025-05-14T13:25:49">
  <properties>
[...]
</properties>
  <testcase classname="PointTest" name="testCheckHitCircle" time="0.0" />
  <testcase classname="PointTest" name="testCheckHitRectangle" time="0.0" />
  <testcase classname="PointTest" name="testCheckMissCircle" time="0.0" />
  <testcase classname="PointTest" name="testCheckHitTriangle" time="0.0" />
  <testcase classname="PointTest" name="testSettersAndGetters" time="0.0" />
  <testcase classname="PointTest" name="testCheckMissTriangle" time="0.0" />
  <testcase classname="PointTest" name="testCheckMissRectangle" time="0.0" />
  <system-out><![CDATA[]]></system-out>
  <system-err><![CDATA[]]></system-err>
</testsuite>
